<?xml version="1.0" encoding="UTF-8"?>
<!-- Generated by org.testng.reporters.JUnitReportReporter -->
<testsuite hostname="GiriLaptop" failures="0" tests="1" name="HMS.adminTest.Frontofficetest" time="32.033" errors="0" timestamp="2023-03-01T06:59:27 IST" skipped="0">
  <testcase classname="HMS.adminTest.Frontofficetest" name="frontTest" time="32.033"/>
  <system-out/>
</testsuite> <!-- HMS.adminTest.Frontofficetest -->
