<?xml version="1.0" encoding="UTF-8"?>
<!-- Generated by org.testng.reporters.JUnitReportReporter -->
<testsuite hostname="GiriLaptop" failures="0" tests="1" name="HMS.adminTest.Demotest" time="9.672" errors="0" timestamp="2023-02-20T07:06:24 IST" skipped="0">
  <testcase classname="HMS.adminTest.Demotest" name="testing" time="9.672"/>
  <system-out/>
</testsuite> <!-- HMS.adminTest.Demotest -->
