<?xml version="1.0" encoding="UTF-8"?>
<!-- Generated by org.testng.reporters.JUnitReportReporter -->
<testsuite hostname="GiriLaptop" failures="0" tests="1" name="HMS.adminTest.Logintest" time="20.958" errors="0" timestamp="2023-06-16T16:54:24 IST" skipped="0">
  <testcase classname="HMS.adminTest.Logintest" name="adminlogintest" time="20.958"/>
  <system-out/>
</testsuite> <!-- HMS.adminTest.Logintest -->
